Using pre-set license
Built from '2020.3/staging' branch; Version is '2020.3.10f1 (297d780c91bc) revision 2719096'; Using compiler version '192528614'; Build Type 'Release'
OS: 'Windows 10 Home Single Language; OS build 22000.675; Version 2009; 64bit' Language: 'tr' Physical Memory: 16276 MB
BatchMode: 1, IsHumanControllingUs: 0, StartBugReporterOnCrash: 0, Is64bit: 1, IsPro: 0

 COMMAND LINE ARGUMENTS:
D:\Unity\Editor\2020.3.10f1\Editor\Unity.exe
-adb2
-batchMode
-noUpm
-name
AssetImportWorker0
-projectPath
D:/Github_Project/Procedural-Geometry/Procedural_Geometry
-logFile
Logs/AssetImportWorker0.log
-srvPort
59553
Successfully changed project path to: D:/Github_Project/Procedural-Geometry/Procedural_Geometry
D:/Github_Project/Procedural-Geometry/Procedural_Geometry
Using Asset Import Pipeline V2.
Refreshing native plugins compatible for Editor in 29.58 ms, found 2 plugins.
Preloading 0 native plugins for Editor in 0.00 ms.
Initialize engine version: 2020.3.10f1 (297d780c91bc)
[Subsystems] Discovering subsystems at path D:/Unity/Editor/2020.3.10f1/Editor/Data/Resources/UnitySubsystems
[Subsystems] Discovering subsystems at path D:/Github_Project/Procedural-Geometry/Procedural_Geometry/Assets
GfxDevice: creating device client; threaded=0
Direct3D:
    Version:  Direct3D 11.0 [level 11.1]
    Renderer: NVIDIA GeForce GTX 1050 Ti (ID=0x1c8c)
    Vendor:   
    VRAM:     4021 MB
    Driver:   30.0.15.1277
Initialize mono
Mono path[0] = 'D:/Unity/Editor/2020.3.10f1/Editor/Data/Managed'
Mono path[1] = 'D:/Unity/Editor/2020.3.10f1/Editor/Data/MonoBleedingEdge/lib/mono/unityjit'
Mono config path = 'D:/Unity/Editor/2020.3.10f1/Editor/Data/MonoBleedingEdge/etc'
Using monoOptions --debugger-agent=transport=dt_socket,embedding=1,server=y,suspend=n,address=127.0.0.1:56348
Begin MonoManager ReloadAssembly
Registering precompiled unity dll's ...
Register platform support module: D:/Unity/Editor/2020.3.10f1/Editor/Data/PlaybackEngines/WindowsStandaloneSupport/UnityEditor.WindowsStandalone.Extensions.dll
Registered in 0.001335 seconds.
Native extension for WindowsStandalone target not found
Refreshing native plugins compatible for Editor in 29.69 ms, found 2 plugins.
Preloading 0 native plugins for Editor in 0.00 ms.
Mono: successfully reloaded assembly
- Completed reload, in  4.429 seconds
Platform modules already initialized, skipping
Registering precompiled user dll's ...
Registered in 0.005034 seconds.
Begin MonoManager ReloadAssembly
Native extension for WindowsStandalone target not found
Refreshing native plugins compatible for Editor in 0.43 ms, found 2 plugins.
Preloading 0 native plugins for Editor in 0.00 ms.
Mono: successfully reloaded assembly
- Completed reload, in  1.295 seconds
Platform modules already initialized, skipping
========================================================================
Worker process is ready to serve import requests
Launched and connected shader compiler UnityShaderCompiler.exe after 0.22 seconds
Refreshing native plugins compatible for Editor in 0.36 ms, found 2 plugins.
Preloading 0 native plugins for Editor in 0.00 ms.
Unloading 1386 Unused Serialized files (Serialized files now loaded: 0)
System memory in use before: 64.6 MB.
System memory in use after: 64.7 MB.

Unloading 19 unused Assets to reduce memory usage. Loaded Objects now: 1819.
Total: 2.437900 ms (FindLiveObjects: 0.164300 ms CreateObjectMapping: 0.048600 ms MarkObjects: 2.101900 ms  DeleteObjects: 0.121900 ms)

========================================================================
Received Import Request.
  path: Assets/Scripts
  artifactKey: Guid(cede2b00868101b40b8caf2c603d70d5) Importer(815301076,1909f56bfc062723c751e8b465ee728b)
Start importing Assets/Scripts using Guid(cede2b00868101b40b8caf2c603d70d5) Importer(815301076,1909f56bfc062723c751e8b465ee728b)  -> (artifact id: '182d1d96dff556fb91660fbd3d67021e') in 0.126315 seconds
  Import took 0.142924 seconds .

========================================================================
Received Import Request.
  Time since last request: 0.207581 seconds.
  path: Assets
  artifactKey: Guid(00000000000000001000000000000000) Importer(815301076,1909f56bfc062723c751e8b465ee728b)
Start importing Assets using Guid(00000000000000001000000000000000) Importer(815301076,1909f56bfc062723c751e8b465ee728b)  -> (artifact id: '42d402b061de3733987d63b9cc3b64de') in 0.002763 seconds
  Import took 0.032081 seconds .

========================================================================
Received Import Request.
  Time since last request: 8.737388 seconds.
  path: Assets/Sprites
  artifactKey: Guid(f44490ba939768f49a0413c58608f187) Importer(815301076,1909f56bfc062723c751e8b465ee728b)
Start importing Assets/Sprites using Guid(f44490ba939768f49a0413c58608f187) Importer(815301076,1909f56bfc062723c751e8b465ee728b)  -> (artifact id: 'd387ce619d1ffcd196663a90fd156f19') in 0.003455 seconds
  Import took 0.071398 seconds .

========================================================================
Received Import Request.
  Time since last request: 9.891867 seconds.
  path: Assets/Material
  artifactKey: Guid(e022394c79de7214faa91166b7f3a41b) Importer(815301076,1909f56bfc062723c751e8b465ee728b)
Start importing Assets/Material using Guid(e022394c79de7214faa91166b7f3a41b) Importer(815301076,1909f56bfc062723c751e8b465ee728b)  -> (artifact id: '0c0bab7741de9eefdf554486602d6dd1') in 0.003224 seconds
  Import took 0.071904 seconds .

========================================================================
Received Import Request.
  Time since last request: 3.162470 seconds.
  path: Assets/Materials
  artifactKey: Guid(e022394c79de7214faa91166b7f3a41b) Importer(815301076,1909f56bfc062723c751e8b465ee728b)
Start importing Assets/Materials using Guid(e022394c79de7214faa91166b7f3a41b) Importer(815301076,1909f56bfc062723c751e8b465ee728b)  -> (artifact id: 'c6de6ba9e679482e23f8f55a690c491e') in 0.002531 seconds
  Import took 0.023349 seconds .

AssetImportWorkerClient::OnTransportError - code=2 error=End of file
